{
  "RSpec": {
    "coverage": {
      "/home/cloudycua/tic-tac-toe-rb-v-000/lib/tic_tac_toe.rb": [
        1,
        null,
        null,
        null,
        null,
        null,
        null,
        null,
        null,
        null,
        null,
        1,
        17,
        17,
        17,
        17,
        17,
        null,
        null,
        1,
        8845,
        null,
        null,
        1,
        170,
        null,
        null,
        1,
        17,
        null,
        null,
        1,
        17,
        null,
        null,
        1,
        8858,
        null,
        null,
        1,
        8845,
        null,
        null,
        1,
        8848,
        8847,
        8845,
        8845,
        17,
        17,
        17,
        null,
        8828,
        null,
        null,
        null,
        null,
        1,
        42,
        null,
        298,
        null,
        null,
        null,
        null,
        1,
        180,
        null,
        null,
        1,
        26,
        null,
        null,
        1,
        18,
        null,
        null,
        1,
        0,
        null,
        null,
        0,
        null,
        null,
        0,
        null,
        0,
        0,
        0,
        0,
        null,
        null,
        null,
        null,
        null,
        null,
        1,
        12,
        21,
        null,
        8,
        3,
        5,
        1,
        null,
        null
      ]
    },
    "timestamp": 1508299662
  }
}
