{
  "RSpec": {
    "coverage": {
      "/home/cloudycua/tic-tac-toe-rb-v-000/lib/tic_tac_toe.rb": [
        1,
        null,
        null,
        null,
        null,
        null,
        null,
        null,
        null,
        null,
        null,
        1,
        19,
        19,
        19,
        19,
        19,
        null,
        null,
        1,
        17540,
        null,
        null,
        1,
        190,
        null,
        null,
        1,
        19,
        null,
        null,
        1,
        19,
        null,
        null,
        1,
        17507,
        null,
        null,
        1,
        17540,
        null,
        null,
        1,
        17544,
        17542,
        17540,
        17540,
        19,
        19,
        19,
        null,
        17521,
        null,
        null,
        null,
        null,
        1,
        33,
        null,
        245,
        null,
        null,
        null,
        null,
        1,
        148,
        null,
        null,
        1,
        16,
        null,
        null,
        1,
        20,
        null,
        null,
        1,
        16,
        null,
        null,
        1,
        null,
        null,
        8,
        null,
        1,
        1,
        0,
        0,
        null,
        null,
        null,
        null,
        null,
        null,
        1,
        12,
        24,
        19,
        1,
        null,
        null,
        null,
        null
      ]
    },
    "timestamp": 1508299109
  }
}
